2012-06-30 12:31:26,620 - os.name - Windows 7
2012-06-30 12:31:26,620 - os.arch - amd64
2012-06-30 12:31:26,620 - os.version - 6.1
2012-06-30 12:31:26,620 - java.version - 1.7.0_02
2012-06-30 12:31:26,620 - java.vendor - Oracle Corporation
2012-06-30 12:31:26,620 - java.vendor.url - http://java.oracle.com/
2012-06-30 12:31:26,620 - java.home - C:\Program Files\Java\jre7
2012-06-30 12:31:26,620 - java.vm.specification.name - Java Virtual Machine Specification
2012-06-30 12:31:26,620 - java.vm.specification.vendor - Oracle Corporation
2012-06-30 12:31:26,620 - java.vm.specification.version - 1.7
2012-06-30 12:31:26,620 - java.class.path - C:\Users\Pooja\Motorola Mobility\MOTODEV Studio for Android\\plugins/org.eclipse.equinox.launcher_1.2.0.v20110502.jar
2012-06-30 12:31:26,620 - java.library.path - C:\Windows\system32;C:\Windows\Sun\Java\bin;C:\Windows\system32;C:\Windows;C:\Windows\system32;C:\Windows;C:\Windows\System32\Wbem;C:\Windows\System32\WindowsPowerShell\v1.0\;C:\Program Files\Intel\WiFi\bin\;C:\Program Files\Common Files\Intel\WirelessCommon\;C:\Program Files (x86)\QuickTime\QTSystem\;C:\Program Files (x86)\PharosSystems\Core;C:\Program Files\Intel\WiFi\bin\;C:\Program Files\Common Files\Intel\WirelessCommon\;.
2012-06-30 12:31:26,621 - --------------------------------------
2012-06-30 12:31:26,621 - ## Eclipse Plug-ins Log Information ##
2012-06-30 12:31:26,621 - --------------------------------------
2012-06-30 12:31:26,625 - org.eclipse.emf.mapping - 2.7.0.v20110913-1156
2012-06-30 12:31:26,628 - org.eclipse.emf.codegen.ecore.ui - 2.7.0.v20110913-1156
2012-06-30 12:31:26,630 - org.eclipse.datatools.connectivity.oda.design.ui - 3.2.6.v201112151316
2012-06-30 12:31:26,631 - org.eclipse.datatools.connectivity.oda.flatfile.ui - 3.1.2.v201201101437
2012-06-30 12:31:26,632 - org.eclipse.datatools.connectivity.ui.dse - 1.1.4.v201107221459
2012-06-30 12:31:26,632 - org.eclipse.datatools.connectivity.ui - 1.2.2.v201111190813
2012-06-30 12:31:26,633 - org.eclipse.datatools.connectivity.sqm.core - 1.2.4.v201201131116
2012-06-30 12:31:26,634 - org.eclipse.datatools.help - 1.5.0.v200906020553
2012-06-30 12:31:26,636 - org.eclipse.wst.common.project.facet.core - 1.4.201.v201201101553
2012-06-30 12:31:26,636 - org.eclipse.wst.common.project.facet.ui - 1.4.201.v201201101553
2012-06-30 12:31:26,643 - com.android.ide.eclipse.traceview - 18.0.0.v201203301601-306762
2012-06-30 12:31:26,649 - com.android.ide.eclipse.hierarchyviewer - 18.0.0.v201203301601-306762
2012-06-30 12:31:26,651 - org.eclipse.datatools.doc.user - 1.7.0.20090521092446
2012-06-30 12:31:26,652 - org.eclipse.datatools.oda.cshelp - 1.1.1.v201107221500
2012-06-30 12:31:26,652 - org.eclipse.datatools.help - 1.5.0.v200906020553
2012-06-30 12:31:26,657 - org.eclipse.datatools.sqltools.sql - 1.0.1.v201110050515
2012-06-30 12:31:26,657 - org.eclipse.datatools.sqltools.common.ui - 1.0.0.v201107221520
2012-06-30 12:31:26,658 - org.eclipse.datatools.sqltools.plan - 1.0.0.v201107221520
2012-06-30 12:31:26,658 - org.eclipse.datatools.sqltools.editor.core - 1.0.1.v201201131129
2012-06-30 12:31:26,659 - org.eclipse.datatools.sqltools.sqleditor - 1.0.2.v201107221520
2012-06-30 12:31:26,659 - org.eclipse.datatools.sqltools.ddlgen.ui - 1.0.2.v201201131129
2012-06-30 12:31:26,660 - org.eclipse.datatools.connectivity.db.generic - 1.0.1.v201107221459
2012-06-30 12:31:26,660 - org.eclipse.datatools.sqltools.editor.core.ui - 1.0.0.v201001150815
2012-06-30 12:31:26,661 - org.eclipse.datatools.sqltools.sql.ui - 1.0.1.v201201270743
2012-06-30 12:31:26,667 - com.motorola.studio.android - 4.0.0.release
2012-06-30 12:31:26,668 - com.motorola.studio.android.emulator - 4.0.0.release
2012-06-30 12:31:26,669 - com.motorola.studio.android.launch - 4.0.0.release
2012-06-30 12:31:26,669 - com.motorola.studio.android.packaging - 4.0.0.release
2012-06-30 12:31:26,670 - com.motorola.studio.android.packaging.ui - 4.0.0.release
2012-06-30 12:31:26,670 - com.motorola.studio.android.handset - 4.0.0.release
2012-06-30 12:31:26,671 - com.motorola.studio.android.tooldocs.studio.helpbase - 4.0.0.release
2012-06-30 12:31:26,671 - com.motorola.studio.android.ss.provider - 2.0.0.release
2012-06-30 12:31:26,672 - com.motorola.studio.android.remote - 4.0.0.release
2012-06-30 12:31:26,672 - com.motorola.studio.android.product - 4.0.0.release
2012-06-30 12:31:26,672 - com.motorola.studio.android.win32.x86_64 - 2.1.0.release
2012-06-30 12:31:26,673 - com.motorola.studio.android.mat - 2.2.0.release
2012-06-30 12:31:26,673 - com.motorola.studio.android.devices.services - 4.0.0.release
2012-06-30 12:31:26,674 - com.motorola.studio.android.installer - 4.0.0.release
2012-06-30 12:31:26,674 - com.motorola.studio.android.ophone - 4.0.0.release
2012-06-30 12:31:26,675 - com.motorola.studio.android.videos - 4.0.0.release
2012-06-30 12:31:26,675 - com.motorolamobility.studio.android.db.devices - 4.0.0.release
2012-06-30 12:31:26,678 - org.eclipse.emf.ecore - 2.7.0.v20110912-0920
2012-06-30 12:31:26,678 - org.eclipse.emf.ecore.change - 2.7.1.v20110829-1916
2012-06-30 12:31:26,679 - org.eclipse.emf.ecore.xmi - 2.7.0.v20110520-1406
2012-06-30 12:31:26,681 - org.eclipse.emf.codegen.ui - 2.6.0.v20110913-1156
2012-06-30 12:31:26,685 - org.eclipse.mat.report - 1.1.1.201108240735
2012-06-30 12:31:26,685 - org.eclipse.mat.api - 1.1.1.201108240735
2012-06-30 12:31:26,686 - org.eclipse.mat.hprof - 1.1.1.201108240735
2012-06-30 12:31:26,686 - org.eclipse.mat.parser - 1.1.1.201108240735
2012-06-30 12:31:26,687 - org.eclipse.mat.ui - 1.1.1.201108240735
2012-06-30 12:31:26,688 - org.eclipse.mat.ui.help - 1.1.1.201108240735
2012-06-30 12:31:26,688 - org.eclipse.mat.jdt - 1.1.1.201108240735
2012-06-30 12:31:26,689 - org.eclipse.mat.dtfj - 1.1.1.201108240735
2012-06-30 12:31:26,690 - org.eclipse.mat.ibmdumps - 1.1.1.201108240735
2012-06-30 12:31:26,690 - org.eclipse.mat.jruby.resolver - 1.1.1.201108240735
2012-06-30 12:31:26,693 - java_cup.runtime - 0.10.0.v201005080400
2012-06-30 12:31:26,694 - org.apache.xerces - 2.9.0.v201101211617
2012-06-30 12:31:26,694 - org.eclipse.wst.xml.xpath2.processor - 2.0.0.v201105120439
2012-06-30 12:31:26,695 - org.eclipse.wst.xml.xpath2.wtptypes - 2.0.0.v201103212215
2012-06-30 12:31:26,695 - org.eclipse.wst.xml.xpath2 - 1.1.0.v200910101444
2012-06-30 12:31:26,696 - org.eclipse.wst.xml.xpath2.processor.doc.user - 2.0.0.v201105190326
2012-06-30 12:31:26,698 - org.eclipse.datatools.common.doc.user - 1.7.0.20090521092446
2012-06-30 12:31:26,701 - org.eclipse.datatools.connectivity.oda.consumer - 3.2.5.v201109151100
2012-06-30 12:31:26,701 - org.eclipse.datatools.connectivity.oda.design - 3.3.4.v201109211529
2012-06-30 12:31:26,702 - org.eclipse.datatools.connectivity.oda.flatfile - 3.1.2.v201112081200
2012-06-30 12:31:26,703 - org.eclipse.datatools.connectivity.oda.profile - 3.2.7.v201112290953
2012-06-30 12:31:26,703 - org.eclipse.datatools.connectivity.oda - 3.3.3.v201110130935
2012-06-30 12:31:26,703 - org.eclipse.datatools.connectivity - 1.2.4.v201202041105
2012-06-30 12:31:26,705 - org.eclipse.emf - 2.6.0.v20110913-1156
2012-06-30 12:31:26,709 - com.android.ide.eclipse.ddms - 18.0.0.v201203301601-306762
2012-06-30 12:31:26,711 - org.eclipse.emf.edit - 2.7.1.v20110913-1526
2012-06-30 12:31:26,714 - com.motorolamobility.preflighting.ui - 1.1.0.release
2012-06-30 12:31:26,714 - com.motorolamobility.preflighting.tooldocs.validator.helpbase - 1.1.0.release
2012-06-30 12:31:26,714 - com.motorola.studio.android.common - 4.0.0.release
2012-06-30 12:31:26,715 - com.motorolamobility.preflighting.checkers.ui - 1.1.0.release
2012-06-30 12:31:26,715 - com.motorolamobility.preflighting.samplechecker.findviewbyid.ui - 1.1.0.release
2012-06-30 12:31:26,718 - org.eclipse.emf.converter - 2.5.0.v20110913-1156
2012-06-30 12:31:26,719 - org.eclipse.emf.importer - 2.6.0.v20100521-1846
2012-06-30 12:31:26,719 - org.eclipse.emf.exporter - 2.6.0.v20100521-1846
2012-06-30 12:31:26,720 - org.eclipse.emf.importer.ecore - 2.6.0.v20100521-1846
2012-06-30 12:31:26,720 - org.eclipse.emf.importer.java - 2.6.0.v20100521-1846
2012-06-30 12:31:26,721 - org.eclipse.emf.importer.rose - 2.6.0.v20100521-1846
2012-06-30 12:31:26,724 - org.eclipse.datatools.sqltools.doc.user - 1.7.0.20090521092446
2012-06-30 12:31:26,724 - org.eclipse.datatools.sqltools.doc.user.contexts - 1.7.0.20090521092446
2012-06-30 12:31:26,729 - org.eclipse.wst.xsl.core - 1.1.100.v201102270516
2012-06-30 12:31:26,730 - org.eclipse.wst.xsl.debug.ui - 1.0.200.v201101281837
2012-06-30 12:31:26,730 - org.eclipse.wst.xsl.launching - 1.0.200.v201103081922
2012-06-30 12:31:26,731 - org.eclipse.wst.xsl.xalan - 1.0.100.v201103081922
2012-06-30 12:31:26,731 - org.eclipse.wst.xsl.ui - 1.1.200.v201103082057
2012-06-30 12:31:26,732 - org.eclipse.wst.xml.xpath.ui - 1.1.100.v201105030025
2012-06-30 12:31:26,733 - org.apache.xalan - 2.7.1.v201005080400
2012-06-30 12:31:26,734 - org.apache.commons.logging - 1.0.4.v201101211617
2012-06-30 12:31:26,734 - org.eclipse.wst.xsl.doc - 1.0.100.v201004292007
2012-06-30 12:31:26,735 - org.eclipse.wst.xml.xpath.core - 1.2.1.v201109010357
2012-06-30 12:31:26,735 - org.apache.xml.serializer - 2.7.1.v201005080400
2012-06-30 12:31:26,736 - org.apache.bcel - 5.2.0.v201005080400
2012-06-30 12:31:26,736 - java_cup.runtime - 0.10.0.v201005080400
2012-06-30 12:31:26,736 - org.eclipse.wst.xsl.saxon - 1.0.200.v201103081922
2012-06-30 12:31:26,736 - org.eclipse.wst.xsl - 1.2.0.v201009121641
2012-06-30 12:31:26,737 - org.eclipse.wst.xsl.jaxp.debug - 1.0.200.v201103081922
2012-06-30 12:31:26,738 - org.eclipse.wst.xsl.jaxp.debug.ui - 1.0.200.v201103081922
2012-06-30 12:31:26,738 - org.eclipse.wst.xsl.jaxp.launching - 1.0.200.v201103081922
2012-06-30 12:31:26,739 - org.apache.log4j - 1.2.15.v201012070815
2012-06-30 12:31:26,739 - org.eclipse.wst.xsl.exslt.core - 1.0.0.v201005240426
2012-06-30 12:31:26,740 - org.eclipse.wst.xsl.exslt.ui - 1.0.0.v201006012005
2012-06-30 12:31:26,742 - org.eclipse.draw2d - 3.7.2.v20111017-2020
2012-06-30 12:31:26,745 - org.eclipse.datatools.connectivity.oda.template.ui - 3.2.3.v201201121156
2012-06-30 12:31:26,748 - org.eclipse.sequoyah.device.common.utilities - 2.1.0.N20120316-0108
2012-06-30 12:31:26,750 - org.eclipse.emf.databinding.edit - 1.2.0.v20110913-1156
2012-06-30 12:31:26,753 - org.eclipse.emf.common - 2.7.0.v20110912-0920
2012-06-30 12:31:26,756 - org.eclipse.sequoyah.device.backward - 2.1.0.N20120316-0108
2012-06-30 12:31:26,756 - org.eclipse.sequoyah.device.framework - 2.1.0.N20120316-0108
2012-06-30 12:31:26,757 - org.eclipse.sequoyah.device.framework.ui - 2.1.0.N20120316-0108
2012-06-30 12:31:26,757 - org.eclipse.sequoyah.device.service.start - 2.1.0.N20120316-0108
2012-06-30 12:31:26,758 - org.eclipse.sequoyah.device.service.stop - 2.1.0.N20120316-0108
2012-06-30 12:31:26,758 - org.eclipse.sequoyah.device.framework.wizard - 2.1.0.N20120316-0108
2012-06-30 12:31:26,763 - com.motorola.studio.platform.logger - 3.0.0
2012-06-30 12:31:26,763 - com.motorola.studio.platform.feature.rcp.branding - 3.1.1
2012-06-30 12:31:26,763 - com.motorola.studio.platform.tools.sign.core - 3.0.0
2012-06-30 12:31:26,764 - com.motorola.studio.platform.tools.sign.ui - 3.0.0
2012-06-30 12:31:26,764 - com.motorola.studio.platform.tools.motocfg.core - 3.0.0
2012-06-30 12:31:26,765 - com.motorola.studio.platform.tools.motocfg.core.basic - 3.0.0
2012-06-30 12:31:26,765 - com.motorola.studio.platform.tools.motocfg.core.ui - 3.0.0
2012-06-30 12:31:26,766 - com.motorola.studio.platform.tools.motocfg.core.win32 - 3.0.0
2012-06-30 12:31:26,766 - com.motorola.studio.platform.tools.sign.ui.win32 - 3.0.0
2012-06-30 12:31:26,766 - com.motorola.studio.platform.tools.common - 3.0.0
2012-06-30 12:31:26,767 - com.motorola.studio.platform.core.runtime - 3.0.0
2012-06-30 12:31:26,767 - com.motorola.studio.platform.ui - 3.0.0
2012-06-30 12:31:26,768 - com.motorola.studio.platform.ui.win32 - 3.0.0
2012-06-30 12:31:26,772 - org.eclipse.pde - 3.7.2.v201202080800
2012-06-30 12:31:26,772 - org.eclipse.pde.build - 3.7.0.v20111116-2009
2012-06-30 12:31:26,773 - org.eclipse.pde.core - 3.7.1.v20120103_r372
2012-06-30 12:31:26,774 - org.eclipse.pde.junit.runtime - 3.4.100.v20110928-1516
2012-06-30 12:31:26,774 - org.eclipse.pde.runtime - 3.4.201.v20110928-1516
2012-06-30 12:31:26,776 - org.eclipse.pde.ui - 3.6.100.v20120103_r372
2012-06-30 12:31:26,777 - org.eclipse.pde.doc.user - 3.7.2.v20120120-1417
2012-06-30 12:31:26,778 - org.eclipse.pde.ui.templates - 3.4.400.v20110928-1516
2012-06-30 12:31:26,778 - org.eclipse.ui.views.log - 1.0.200.v20110404
2012-06-30 12:31:26,779 - org.objectweb.asm - 3.3.1.v201105211655
2012-06-30 12:31:26,780 - org.eclipse.pde.api.tools - 1.0.301.v20111129-2053
2012-06-30 12:31:26,781 - org.eclipse.pde.api.tools.ui - 1.0.301.v20110803_r371
2012-06-30 12:31:26,782 - org.eclipse.pde.ds.core - 1.0.100.v20100601
2012-06-30 12:31:26,783 - org.eclipse.pde.ds.ui - 1.0.100.v20111213-1754
2012-06-30 12:31:26,784 - org.eclipse.pde.launching - 3.6.0.v20110506
2012-06-30 12:31:26,785 - org.eclipse.pde.ua.core - 1.0.100.v20110516
2012-06-30 12:31:26,786 - org.eclipse.pde.ua.ui - 1.0.100.v20110516
2012-06-30 12:31:26,788 - org.eclipse.emf.common.ui - 2.7.0.v20110913-1156
2012-06-30 12:31:26,790 - com.motorola.studio.android.common - 4.0.0.release
2012-06-30 12:31:26,791 - com.motorola.studio.android.codeutils - 4.0.0.release
2012-06-30 12:31:26,792 - com.motorola.studio.android.translation - 4.0.0.release
2012-06-30 12:31:26,792 - com.motorola.studio.android.codesnippets - 4.0.0.release
2012-06-30 12:31:26,793 - com.motorolamobility.studio.android.db.core - 4.0.0.release
2012-06-30 12:31:26,795 - org.eclipse.emf.ecore.edit - 2.7.0.v20110913-1156
2012-06-30 12:31:26,796 - org.eclipse.emf.ecore.change.edit - 2.5.0.v20100521-1846
2012-06-30 12:31:26,799 - org.eclipse.wst.dtd.ui - 1.0.600.v201103171359
2012-06-30 12:31:26,800 - org.eclipse.wst.dtd.ui.infopop - 1.0.400.v201008112018
2012-06-30 12:31:26,817 - org.eclipse.wst.sse.ui.infopop - 1.0.300.v201004150328
2012-06-30 12:31:26,817 - org.eclipse.wst.xml.ui.infopop - 1.0.400.v201004292007
2012-06-30 12:31:26,819 - org.eclipse.wst.sse.ui - 1.3.2.v201201041522
2012-06-30 12:31:26,819 - org.eclipse.wst.xml.ui - 1.1.202.v201112071516
2012-06-30 12:31:26,822 - org.eclipse.wst.xsd.ui - 1.2.404.v201105050216
2012-06-30 12:31:26,826 - org.eclipse.mat.chart - 1.1.1.201108240735
2012-06-30 12:31:26,827 - org.eclipse.mat.chart.ui - 1.1.1.201108240735
2012-06-30 12:31:26,830 - org.eclipse.emf.mapping.ecore.editor - 2.6.0.v20110913-1156
2012-06-30 12:31:26,831 - org.eclipse.emf.mapping.ecore2ecore.editor - 2.5.0.v20110120-0110
2012-06-30 12:31:26,832 - org.eclipse.emf.mapping.ecore2xml.ui - 2.6.0.v20110120-0109
2012-06-30 12:31:26,835 - org.eclipse.sequoyah.localization.tools - 2.1.0.N20120316-0108
2012-06-30 12:31:26,835 - org.eclipse.sequoyah.localization.editor - 2.1.0.N20120316-0108
2012-06-30 12:31:26,839 - org.eclipse.datatools.connectivity.doc.user.contexts - 1.7.0.20090521092446
2012-06-30 12:31:26,839 - org.eclipse.datatools.connectivity.doc.user - 1.7.0.20090521092446
2012-06-30 12:31:26,841 - org.eclipse.emf.ecore.editor - 2.7.0.v20110913-1156
2012-06-30 12:31:26,847 - org.apache.ant - 1.8.2.v20120109-1030
2012-06-30 12:31:26,848 - org.eclipse.ant.core - 3.2.302.v20120110-1739
2012-06-30 12:31:26,848 - com.jcraft.jsch - 0.1.44.v201101211721
2012-06-30 12:31:26,849 - org.eclipse.compare.core - 3.5.200.I20110208-0800
2012-06-30 12:31:26,850 - org.eclipse.compare - 3.5.202.R37x_v20111109-0800
2012-06-30 12:31:26,850 - org.eclipse.compare.win32 - 1.0.200.I20110510-0800
2012-06-30 12:31:26,851 - org.eclipse.core.boot - 3.1.200.v20100505
2012-06-30 12:31:26,851 - org.eclipse.core.filebuffers - 3.5.200.v20110928-1504
2012-06-30 12:31:26,852 - org.eclipse.core.filesystem - 1.3.100.v20110423-0524
2012-06-30 12:31:26,852 - org.eclipse.core.net - 1.2.100.I20110511-0800
2012-06-30 12:31:26,853 - org.eclipse.core.net.win32.x86_64 - 1.0.100.I20110331-0827
2012-06-30 12:31:26,853 - org.eclipse.core.resources - 3.7.101.v20120125-1505
2012-06-30 12:31:26,854 - org.eclipse.core.runtime.compatibility - 3.2.100.v20100505
2012-06-30 12:31:26,855 - org.eclipse.core.runtime.compatibility.registry - 3.5.0.v20110505
2012-06-30 12:31:26,855 - org.eclipse.osgi.util - 3.2.200.v20110110
2012-06-30 12:31:26,856 - org.eclipse.debug.core - 3.7.1.v20111129-2031
2012-06-30 12:31:26,857 - org.eclipse.debug.ui - 3.7.102.v20111129-1423_r372
2012-06-30 12:31:26,858 - org.eclipse.equinox.event - 1.2.100.v20110502
2012-06-30 12:31:26,858 - org.eclipse.help.appserver - 3.1.400.v20110425
2012-06-30 12:31:26,859 - org.eclipse.ltk.core.refactoring - 3.5.201.r372_v20111101-0700
2012-06-30 12:31:26,860 - org.eclipse.ltk.ui.refactoring - 3.6.0.v20110928-1453
2012-06-30 12:31:26,860 - org.eclipse.platform - 3.7.2.v201202080800
2012-06-30 12:31:26,860 - org.eclipse.platform.doc.user - 3.7.1.r372_v20111202
2012-06-30 12:31:26,861 - org.eclipse.search - 3.7.0.v20110928-1504
2012-06-30 12:31:26,861 - org.eclipse.team.core - 3.6.0.I20110525-0800
2012-06-30 12:31:26,862 - org.eclipse.team.ui - 3.6.101.R37x_v20111109-0800
2012-06-30 12:31:26,863 - org.eclipse.text - 3.5.101.v20110928-1504
2012-06-30 12:31:26,864 - org.eclipse.jface.text - 3.7.2.v20111213-1208
2012-06-30 12:31:26,864 - org.eclipse.jsch.core - 1.1.300.I20110514-0800
2012-06-30 12:31:26,865 - org.eclipse.jsch.ui - 1.1.300.R37x_v20111201-1600
2012-06-30 12:31:26,865 - org.eclipse.ui.console - 3.5.100.v20111007_r372
2012-06-30 12:31:26,866 - org.eclipse.ui.presentations.r21 - 3.2.200.I20100517-1500
2012-06-30 12:31:26,866 - org.eclipse.ui.intro - 3.4.100.v20110425
2012-06-30 12:31:26,867 - org.eclipse.ui.intro.universal - 3.2.500.v20110510
2012-06-30 12:31:26,868 - org.eclipse.ui.cheatsheets - 3.4.100.v20110425
2012-06-30 12:31:26,868 - org.eclipse.ui.browser - 3.3.101.v20111019-1723
2012-06-30 12:31:26,869 - org.eclipse.ui.navigator - 3.5.101.v20120106-1355
2012-06-30 12:31:26,869 - org.eclipse.ui.navigator.resources - 3.4.300.v20110928-1505
2012-06-30 12:31:26,870 - org.eclipse.ui.net - 1.2.100.v20111208-1155
2012-06-30 12:31:26,871 - org.eclipse.ui.workbench.texteditor - 3.7.0.v20110928-1504
2012-06-30 12:31:26,871 - org.eclipse.ui.views - 3.6.0.v20110928-1505
2012-06-30 12:31:26,872 - org.eclipse.ui.editors - 3.7.0.v20110928-1504
2012-06-30 12:31:26,873 - org.eclipse.ui.externaltools - 3.2.0.v20111007_r372
2012-06-30 12:31:26,874 - org.eclipse.ui.ide - 3.7.0.v20110928-1505
2012-06-30 12:31:26,874 - org.eclipse.ui.ide.application - 1.0.300.I20110306-2000
2012-06-30 12:31:26,875 - org.eclipse.ui.win32 - 3.2.200.v20110928-1505
2012-06-30 12:31:26,876 - org.eclipse.update.core - 3.2.500.v20110330
2012-06-30 12:31:26,876 - org.eclipse.update.scheduler - 3.2.300.v20100512
2012-06-30 12:31:26,877 - org.eclipse.update.ui - 3.2.300.v20100512
2012-06-30 12:31:26,878 - org.eclipse.ui.workbench.compatibility - 3.2.100.I20110413-1600
2012-06-30 12:31:26,878 - org.eclipse.core.filesystem.win32.x86_64 - 1.1.300.v20110423-0524
2012-06-30 12:31:26,879 - org.eclipse.core.variables - 3.2.500.v20110928-1503
2012-06-30 12:31:26,879 - org.eclipse.ui.forms - 3.5.101.v20111011-1919
2012-06-30 12:31:26,880 - org.eclipse.update.core.win32 - 3.2.200.v20100512
2012-06-30 12:31:26,880 - org.eclipse.ui.views.properties.tabbed - 3.5.200.v20110928-1505
2012-06-30 12:31:26,881 - org.eclipse.equinox.security - 1.1.1.R37x_v20110822-1018
2012-06-30 12:31:26,881 - org.eclipse.equinox.security.ui - 1.1.0.v20101004
2012-06-30 12:31:26,882 - org.eclipse.equinox.security.win32.x86_64 - 1.0.0.v20110502
2012-06-30 12:31:26,882 - org.eclipse.core.externaltools - 1.0.100.v20111007_r372
2012-06-30 12:31:26,887 - com.android.ide.eclipse.adt - 18.0.0.v201203301601-306762
2012-06-30 12:31:26,887 - overlay.com.android.ide.eclipse.adt.overlay - 18.0.0.v201203301601-306762
2012-06-30 12:31:26,890 - org.eclipse.sequoyah.localization.android - 2.1.0.N20120316-0108
2012-06-30 12:31:26,890 - org.eclipse.sequoyah.localization.android.help - 2.1.0.N20120316-0108
2012-06-30 12:31:26,894 - javax.servlet - 2.5.0.v201103041518
2012-06-30 12:31:26,894 - javax.servlet.jsp - 2.0.0.v201101211617
2012-06-30 12:31:26,895 - org.apache.commons.el - 1.0.0.v201101211617
2012-06-30 12:31:26,895 - org.apache.commons.logging - 1.0.4.v201101211617
2012-06-30 12:31:26,895 - org.apache.jasper - 5.5.17.v201101211617
2012-06-30 12:31:26,896 - org.apache.lucene - 2.9.1.v201101211721
2012-06-30 12:31:26,897 - org.apache.lucene.analysis - 2.9.1.v201101211721
2012-06-30 12:31:26,897 - org.apache.lucene.core - 2.9.1.v201101211721
2012-06-30 12:31:26,898 - org.eclipse.equinox.http.jetty - 2.0.100.v20110502
2012-06-30 12:31:26,898 - org.eclipse.equinox.http.registry - 1.1.100.v20110502
2012-06-30 12:31:26,899 - org.eclipse.equinox.http.servlet - 1.1.200.v20110502
2012-06-30 12:31:26,899 - org.eclipse.equinox.jsp.jasper - 1.0.300.v20110502
2012-06-30 12:31:26,900 - org.eclipse.equinox.jsp.jasper.registry - 1.0.200.v20100503
2012-06-30 12:31:26,900 - org.eclipse.help.base - 3.6.2.v201202080800
2012-06-30 12:31:26,901 - org.eclipse.help.ui - 3.5.101.r37_20110819
2012-06-30 12:31:26,901 - org.eclipse.help.webapp - 3.6.1.r37_20110929
2012-06-30 12:31:26,902 - org.mortbay.jetty.server - 6.1.23.v201012071420
2012-06-30 12:31:26,902 - org.mortbay.jetty.util - 6.1.23.v201012071420
2012-06-30 12:31:26,905 - org.eclipse.emf.codegen.ecore - 2.7.0.v20110913-1156
2012-06-30 12:31:26,905 - org.eclipse.emf.ant - 2.7.0.v20100905-1633
2012-06-30 12:31:26,907 - org.eclipse.emf.databinding - 1.2.0.v20110913-1156
2012-06-30 12:31:26,910 - org.eclipse.datatools.modelbase.dbdefinition - 1.0.2.v201107221519
2012-06-30 12:31:26,911 - org.eclipse.datatools.modelbase.sql.edit - 1.0.1.v201107221519
2012-06-30 12:31:26,912 - org.eclipse.datatools.modelbase.sql.query - 1.1.2.v201110151315
2012-06-30 12:31:26,913 - org.eclipse.datatools.modelbase.sql.query.edit - 1.0.1.v201110151245
2012-06-30 12:31:26,913 - org.eclipse.datatools.modelbase.sql.xml.query - 1.0.2.v201201131123
2012-06-30 12:31:26,913 - org.eclipse.datatools.modelbase.sql - 1.0.5.v201110151330
2012-06-30 12:31:26,915 - org.eclipse.gef - 3.7.2.v20111106-2020
2012-06-30 12:31:26,918 - net.sourceforge.lpg.lpgjavaruntime - 1.1.0.v201004271650
2012-06-30 12:31:26,919 - org.eclipse.datatools.sqltools.parsers.sql.lexer - 1.0.1.v201107221520
2012-06-30 12:31:26,919 - org.eclipse.datatools.sqltools.parsers.sql.query - 1.2.1.v201201250505
2012-06-30 12:31:26,920 - org.eclipse.datatools.sqltools.parsers.sql.xml.query - 1.0.0.v201107221520
2012-06-30 12:31:26,920 - org.eclipse.datatools.sqltools.parsers.sql - 1.0.2.v201107221520
2012-06-30 12:31:26,923 - com.motorola.studio.platform.core.product - 3.1.1
2012-06-30 12:31:26,924 - com.motorola.studio.platform.ui.intro - 3.1.0
2012-06-30 12:31:26,924 - com.motorola.studio.platform.feature.branding - 3.1.1
2012-06-30 12:31:26,924 - com.motorola.studio.platform.logger.collector - 3.0.0
2012-06-30 12:31:26,927 - org.eclipse.datatools.enablement.sqlite - 1.0.0.v201002041100
2012-06-30 12:31:26,928 - org.eclipse.datatools.enablement.sqlite.dbdefinition - 1.0.1.v201107221507
2012-06-30 12:31:26,929 - org.eclipse.datatools.enablement.sqlite.ui - 1.0.0.v201107221507
2012-06-30 12:31:26,929 - org.eclipse.datatools.enablement.finfo - 1.5.1.v200906161800
2012-06-30 12:31:26,931 - biz.junginger.rss.eclipse.RssPlugin - 1.5.2
2012-06-30 12:31:26,933 - com.motorolamobility.preflighting.sdk - 1.1.0.release
2012-06-30 12:31:26,936 - org.eclipse.datatools.connectivity.sqm.core.ui - 1.2.1.v20110926045
2012-06-30 12:31:26,936 - org.eclipse.datatools.connectivity.sqm.core - 1.2.4.v201201131116
2012-06-30 12:31:26,938 - org.eclipse.datatools.connectivity.sqm.server.ui - 1.1.100.v201107221459
2012-06-30 12:31:26,938 - org.eclipse.datatools.connectivity.ui.dse - 1.1.4.v201107221459
2012-06-30 12:31:26,938 - org.eclipse.datatools.connectivity.ui - 1.2.2.v201111190813
2012-06-30 12:31:26,938 - org.eclipse.datatools.connectivity - 1.2.4.v201202041105
2012-06-30 12:31:26,938 - org.eclipse.datatools.help - 1.5.0.v200906020553
2012-06-30 12:31:26,939 - org.eclipse.datatools.connectivity.console.profile - 1.0.10.v201109250955
2012-06-30 12:31:26,942 - org.eclipse.datatools.sqltools.common.ui - 1.0.0.v201107221520
2012-06-30 12:31:26,943 - org.eclipse.datatools.sqltools.debugger.core - 1.0.1.v201107221520
2012-06-30 12:31:26,943 - org.eclipse.datatools.sqltools.editor.core - 1.0.1.v201201131129
2012-06-30 12:31:26,943 - org.eclipse.datatools.sqltools.plan - 1.0.0.v201107221520
2012-06-30 12:31:26,944 - org.eclipse.datatools.sqltools.routineeditor - 1.0.0.v201107221520
2012-06-30 12:31:26,944 - org.eclipse.datatools.sqltools.sql - 1.0.1.v201110050515
2012-06-30 12:31:26,944 - org.eclipse.datatools.sqltools.sqleditor - 1.0.2.v201107221520
2012-06-30 12:31:26,945 - org.eclipse.datatools.sqltools.sqlscrapbook - 1.0.1.v201107221520
2012-06-30 12:31:26,945 - org.eclipse.datatools.help - 1.5.0.v200906020553
2012-06-30 12:31:26,946 - org.eclipse.datatools.sqltools.db.generic - 1.0.0.v201107221520
2012-06-30 12:31:26,947 - org.eclipse.datatools.sqltools.debugger.core.ui - 1.0.0.v201003161000
2012-06-30 12:31:26,947 - org.eclipse.datatools.sqltools.editor.core.ui - 1.0.0.v201001150815
2012-06-30 12:31:26,947 - org.eclipse.datatools.sqltools.result.ui - 1.1.2.v201110010535
2012-06-30 12:31:26,948 - org.eclipse.datatools.sqltools.routineeditor.ui - 1.0.2.v201111230714
2012-06-30 12:31:26,948 - org.eclipse.datatools.sqltools.sql.ui - 1.0.1.v201201270743
2012-06-30 12:31:26,955 - com.ibm.icu - 4.4.2.v20110823
2012-06-30 12:31:26,956 - org.eclipse.core.commands - 3.6.0.I20110111-0800
2012-06-30 12:31:26,956 - org.eclipse.core.databinding - 1.4.0.I20110111-0800
2012-06-30 12:31:26,957 - org.eclipse.core.databinding.observable - 1.4.0.I20110222-0800
2012-06-30 12:31:26,958 - org.eclipse.core.databinding.property - 1.4.0.I20110222-0800
2012-06-30 12:31:26,958 - org.eclipse.core.databinding.beans - 1.2.100.I20100824-0800
2012-06-30 12:31:26,959 - org.eclipse.core.jobs - 3.5.101.v20120113-1953
2012-06-30 12:31:26,960 - org.eclipse.core.expressions - 3.4.300.v20110228
2012-06-30 12:31:26,960 - org.eclipse.core.runtime - 3.7.0.v20110110
2012-06-30 12:31:26,961 - org.eclipse.core.runtime.compatibility.auth - 3.2.200.v20110110
2012-06-30 12:31:26,961 - org.eclipse.osgi - 3.7.2.v20120110-1415
2012-06-30 12:31:26,962 - org.eclipse.osgi.services - 3.3.0.v20110513
2012-06-30 12:31:26,962 - org.eclipse.help - 3.5.100.v20110426
2012-06-30 12:31:26,962 - org.eclipse.swt - 3.7.2.v3740f
2012-06-30 12:31:26,963 - org.eclipse.jface - 3.7.0.v20110928-1505
2012-06-30 12:31:26,963 - org.eclipse.jface.databinding - 1.5.0.I20100907-0800
2012-06-30 12:31:26,965 - org.eclipse.ui - 3.7.0.v20110928-1505
2012-06-30 12:31:26,965 - org.eclipse.ui.workbench - 3.7.1.v20120104-1859
2012-06-30 12:31:26,966 - org.eclipse.update.configurator - 3.3.100.v20100512
2012-06-30 12:31:26,966 - org.eclipse.equinox.simpleconfigurator - 1.0.200.v20110815-1438
2012-06-30 12:31:26,967 - org.eclipse.swt.win32.win32.x86_64 - 3.7.2.v3740f
2012-06-30 12:31:26,967 - org.eclipse.rcp - 3.7.2.v201202080800
2012-06-30 12:31:26,967 - org.eclipse.core.contenttype - 3.4.100.v20110423-0524
2012-06-30 12:31:26,968 - org.eclipse.equinox.app - 1.3.100.v20110321
2012-06-30 12:31:26,968 - org.eclipse.equinox.common - 3.6.0.v20110523
2012-06-30 12:31:26,969 - org.eclipse.equinox.ds - 1.3.1.R37x_v20110701
2012-06-30 12:31:26,969 - org.eclipse.equinox.util - 1.0.300.v20110502
2012-06-30 12:31:26,970 - org.eclipse.equinox.preferences - 3.4.2.v20120111-2020
2012-06-30 12:31:26,970 - org.eclipse.equinox.registry - 3.5.101.R37x_v20110810-1611
2012-06-30 12:31:26,971 - org.eclipse.equinox.launcher - 1.2.0.v20110502
2012-06-30 12:31:26,971 - org.eclipse.equinox.launcher.win32.win32.x86_64 - 1.1.100.v20110502
2012-06-30 12:31:26,974 - org.eclipse.jdt - 3.7.2.v201202080800
2012-06-30 12:31:26,975 - org.eclipse.ant.ui - 3.5.101.v20120110-1739
2012-06-30 12:31:26,976 - org.eclipse.jdt.apt.core - 3.3.500.v20110420-1015
2012-06-30 12:31:26,976 - org.eclipse.jdt.apt.ui - 3.3.300.v20110305-1450
2012-06-30 12:31:26,977 - org.eclipse.jdt.apt.pluggable.core - 1.0.400.v20110305-1450
2012-06-30 12:31:26,978 - org.eclipse.jdt.compiler.apt - 1.0.400.v0110816-0800
2012-06-30 12:31:26,978 - org.eclipse.jdt.compiler.tool - 1.0.100.v_B79_R37x
2012-06-30 12:31:26,979 - org.eclipse.jdt.core - 3.7.3.v20120119-1537
2012-06-30 12:31:26,979 - org.eclipse.jdt.core.manipulation - 1.4.0.v20110928-1453
2012-06-30 12:31:26,981 - org.eclipse.jdt.debug.ui - 3.6.1.v20111006_r372
2012-06-30 12:31:26,981 - org.eclipse.jdt.debug - 3.7.1.v20111006_r372
2012-06-30 12:31:26,982 - org.eclipse.jdt.junit - 3.7.0.v20110928-1453
2012-06-30 12:31:26,983 - org.eclipse.jdt.junit.core - 3.7.0.v20110928-1453
2012-06-30 12:31:26,983 - org.eclipse.jdt.junit.runtime - 3.4.300.v20110928-1453
2012-06-30 12:31:26,984 - org.eclipse.jdt.junit4.runtime - 1.1.200.v20110928-1453
2012-06-30 12:31:26,984 - org.eclipse.jdt.launching - 3.6.1.v20111006_r372
2012-06-30 12:31:26,987 - org.eclipse.jdt.ui - 3.7.2.v20120109-1427
2012-06-30 12:31:26,988 - org.junit - 4.8.2.v4_8_2_v20110321-1705
2012-06-30 12:31:26,988 - org.junit - 4.8.2.v4_8_2_v20110321-1705
2012-06-30 12:31:26,989 - org.junit4 - 4.8.1.v20100525
2012-06-30 12:31:26,989 - org.hamcrest.core - 1.1.0.v20090501071000
2012-06-30 12:31:26,990 - org.eclipse.jdt.doc.user - 3.7.1.r372_v20111103
2012-06-30 12:31:26,990 - org.eclipse.ant.launching - 1.0.101.v20120110-1739
2012-06-30 12:31:26,993 - org.eclipse.emf.edit.ui - 2.7.0.v20110913-1156
2012-06-30 12:31:26,996 - com.motorolamobility.preflighting - 1.1.0.release
2012-06-30 12:31:26,996 - com.motorolamobility.preflighting.core - 1.1.0.release
2012-06-30 12:31:26,996 - com.motorolamobility.preflighting.checkers - 1.1.0.release
2012-06-30 12:31:26,997 - com.motorolamobility.preflighting.samplechecker.androidlabel - 1.1.0.release
2012-06-30 12:31:26,998 - com.motorolamobility.preflighting.samplechecker.findviewbyid - 1.1.0.release
2012-06-30 12:31:27,001 - org.eclipse.emf.mapping.ecore - 2.6.0.v20110913-1156
2012-06-30 12:31:27,002 - org.eclipse.emf.mapping.ecore2ecore - 2.7.0.v20110331-2022
2012-06-30 12:31:27,002 - org.eclipse.emf.mapping.ecore2xml - 2.7.0.v20110331-2022
2012-06-30 12:31:27,007 - org.eclipse.wst.jsdt.core - 1.1.102.v201111090634
2012-06-30 12:31:27,008 - org.eclipse.wst.jsdt.manipulation - 1.0.300.v201104272153
2012-06-30 12:31:27,008 - org.eclipse.wst.jsdt.ui - 1.1.102.v201201131900
2012-06-30 12:31:27,008 - org.eclipse.wst.jsdt.support.firefox - 1.0.400.v201008112000
2012-06-30 12:31:27,009 - org.eclipse.wst.jsdt.support.ie - 1.0.400.v201008112000
2012-06-30 12:31:27,010 - org.eclipse.wst.jsdt.doc - 1.0.401.v201201311821
2012-06-30 12:31:27,011 - org.eclipse.wst.jsdt.debug.core - 2.0.101.v201201112313
2012-06-30 12:31:27,011 - org.eclipse.wst.jsdt.debug.rhino - 1.0.101.v201201112313
2012-06-30 12:31:27,012 - org.eclipse.wst.jsdt.debug.rhino.debugger - 1.0.201.v201201112313
2012-06-30 12:31:27,012 - org.eclipse.wst.jsdt.debug.ui - 1.0.101.v201201112313
2012-06-30 12:31:27,013 - org.mozilla.javascript - 1.7.2.v201005080400
2012-06-30 12:31:27,014 - org.eclipse.wst.jsdt.debug.transport - 1.0.1.v201201112313
2012-06-30 12:31:27,014 - org.eclipse.wst.jsdt.debug.rhino.ui - 1.0.1.v201201112313
2012-06-30 12:31:27,015 - org.eclipse.wst.jsdt.debug.crossfire - 1.0.150.v201201112259
2012-06-30 12:31:27,017 - org.eclipse.emf.mapping.ui - 2.6.0.v20110913-1156
2012-06-30 12:31:27,021 - org.eclipse.wst.jsdt.web.core - 1.0.401.v201108152113
2012-06-30 12:31:27,022 - org.eclipse.wst.jsdt.web.ui - 1.0.401.v201108152113
2012-06-30 12:31:27,023 - org.eclipse.wst.html.ui.infopop - 1.0.200.v201004150328
2012-06-30 12:31:27,023 - org.eclipse.wst.web.ui.infopop - 1.0.300.v200805140415
2012-06-30 12:31:27,024 - org.eclipse.wst.css.ui - 1.0.601.v201201101544
2012-06-30 12:31:27,025 - org.eclipse.wst.html.ui - 1.0.602.v201202091936
2012-06-30 12:31:27,025 - org.eclipse.wst.web.ui - 1.1.500.v201111030500
2012-06-30 12:31:27,027 - org.eclipse.emf.codegen - 2.6.0.v20110913-1156
